<?xml version="1.0" encoding="UTF-8"?>
<!-- Generated by org.testng.reporters.JUnitXMLReporter -->
<testsuite hostname="DESKTOP-CL9VTD9" ignored="0" name="Default test" tests="5" failures="0" timestamp="08 Sep 2020 13:48:50 GMT" time="14.776" errors="0">
  <testcase name="createToken" time="6.93" classname="com.testing.scripts.NoonInterviewAPI"/>
  <testcase name="createTokenInvalidUser" time="1.86" classname="com.testing.scripts.NoonInterviewAPI"/>
  <testcase name="createTokenInvalidPassword" time="2.206" classname="com.testing.scripts.NoonInterviewAPI"/>
  <testcase name="getHistoryValidToken" time="1.861" classname="com.testing.scripts.NoonInterviewAPI"/>
  <testcase name="getHistoryInvalidToken" time="1.843" classname="com.testing.scripts.NoonInterviewAPI"/>
</testsuite> <!-- Default test -->
