<?xml version="1.0" encoding="UTF-8"?>
<!-- Generated by org.testng.reporters.JUnitXMLReporter -->
<testsuite hostname="DESKTOP-CL9VTD9" ignored="0" name="Test" tests="5" failures="0" timestamp="08 Sep 2020 14:08:37 GMT" time="15.039" errors="0">
  <testcase name="createToken" time="6.422" classname="com.testing.scripts.NoonInterviewAPI"/>
  <testcase name="createTokenInvalidUser" time="2.189" classname="com.testing.scripts.NoonInterviewAPI"/>
  <testcase name="createTokenInvalidPassword" time="2.23" classname="com.testing.scripts.NoonInterviewAPI"/>
  <testcase name="getHistoryValidToken" time="2.242" classname="com.testing.scripts.NoonInterviewAPI"/>
  <testcase name="getHistoryInvalidToken" time="1.876" classname="com.testing.scripts.NoonInterviewAPI"/>
</testsuite> <!-- Test -->
