<?xml version="1.0" encoding="UTF-8"?>
<!-- Generated by org.testng.reporters.JUnitXMLReporter -->
<testsuite hostname="DESKTOP-CL9VTD9" ignored="0" name="Test" tests="5" failures="0" timestamp="08 Sep 2020 14:18:56 GMT" time="15.515" errors="0">
  <testcase name="createToken" time="6.488" classname="com.testing.scripts.NoonInterviewAPI"/>
  <testcase name="createTokenInvalidUser" time="2.269" classname="com.testing.scripts.NoonInterviewAPI"/>
  <testcase name="createTokenInvalidPassword" time="1.886" classname="com.testing.scripts.NoonInterviewAPI"/>
  <testcase name="getHistoryValidToken" time="2.833" classname="com.testing.scripts.NoonInterviewAPI"/>
  <testcase name="getHistoryInvalidToken" time="1.931" classname="com.testing.scripts.NoonInterviewAPI"/>
</testsuite> <!-- Test -->
